[2018-08-10 14:25:45] local.ERROR: SQLSTATE[HY000] [2002] No connection could be made because the target machine actively refused it.
 {"exception":"[object] (Doctrine\\DBAL\\Driver\\PDOException(code: 2002): SQLSTATE[HY000] [2002] No connection could be made because the target machine actively refused it.
 at C:\\Users\\BLiyanage\\Documents\\xampp\\htdocs\\laravel-boilerplate\\vendor\\doctrine\\dbal\\lib\\Doctrine\\DBAL\\Driver\\PDOConnection.php:50, PDOException(code: 2002): SQLSTATE[HY000] [2002] No connection could be made because the target machine actively refused it.
 at C:\\Users\\BLiyanage\\Documents\\xampp\\htdocs\\laravel-boilerplate\\vendor\\doctrine\\dbal\\lib\\Doctrine\\DBAL\\Driver\\PDOConnection.php:46)
[stacktrace]
#0 C:\\Users\\BLiyanage\\Documents\\xampp\\htdocs\\laravel-boilerplate\\vendor\\laravel\\framework\\src\\Illuminate\\Database\\Connectors\\Connector.php(64): Doctrine\\DBAL\\Driver\\PDOConnection->__construct('mysql:host=127....', 'root', '', Array)
#1 C:\\Users\\BLiyanage\\Documents\\xampp\\htdocs\\laravel-boilerplate\\vendor\\laravel\\framework\\src\\Illuminate\\Database\\Connectors\\Connector.php(43): Illuminate\\Database\\Connectors\\Connector->createPdoConnection('mysql:host=127....', 'root', '', Array)
#2 C:\\Users\\BLiyanage\\Documents\\xampp\\htdocs\\laravel-boilerplate\\vendor\\laravel\\framework\\src\\Illuminate\\Database\\Connectors\\MySqlConnector.php(24): Illuminate\\Database\\Connectors\\Connector->createConnection('mysql:host=127....', Array, Array)
#3 C:\\Users\\BLiyanage\\Documents\\xampp\\htdocs\\laravel-boilerplate\\vendor\\laravel\\framework\\src\\Illuminate\\Database\\Connectors\\ConnectionFactory.php(183): Illuminate\\Database\\Connectors\\MySqlConnector->connect(Array)
#4 [internal function]: Illuminate\\Database\\Connectors\\ConnectionFactory->Illuminate\\Database\\Connectors\\{closure}()
#5 C:\\Users\\BLiyanage\\Documents\\xampp\\htdocs\\laravel-boilerplate\\vendor\\laravel\\framework\\src\\Illuminate\\Database\\Connection.php(915): call_user_func(Object(Closure))
#6 C:\\Users\\BLiyanage\\Documents\\xampp\\htdocs\\laravel-boilerplate\\vendor\\laravel\\framework\\src\\Illuminate\\Database\\Connection.php(940): Illuminate\\Database\\Connection->getPdo()
#7 C:\\Users\\BLiyanage\\Documents\\xampp\\htdocs\\laravel-boilerplate\\vendor\\laravel\\framework\\src\\Illuminate\\Database\\Connection.php(399): Illuminate\\Database\\Connection->getReadPdo()
#8 C:\\Users\\BLiyanage\\Documents\\xampp\\htdocs\\laravel-boilerplate\\vendor\\laravel\\framework\\src\\Illuminate\\Database\\Connection.php(325): Illuminate\\Database\\Connection->getPdoForSelect(true)
#9 C:\\Users\\BLiyanage\\Documents\\xampp\\htdocs\\laravel-boilerplate\\vendor\\laravel\\framework\\src\\Illuminate\\Database\\Connection.php(657): Illuminate\\Database\\Connection->Illuminate\\Database\\{closure}('select * from `...', Array)
#10 C:\\Users\\BLiyanage\\Documents\\xampp\\htdocs\\laravel-boilerplate\\vendor\\laravel\\framework\\src\\Illuminate\\Database\\Connection.php(624): Illuminate\\Database\\Connection->runQueryCallback('select * from `...', Array, Object(Closure))
#11 C:\\Users\\BLiyanage\\Documents\\xampp\\htdocs\\laravel-boilerplate\\vendor\\laravel\\framework\\src\\Illuminate\\Database\\Connection.php(333): Illuminate\\Database\\Connection->run('select * from `...', Array, Object(Closure))
#12 C:\\Users\\BLiyanage\\Documents\\xampp\\htdocs\\laravel-boilerplate\\vendor\\laravel\\framework\\src\\Illuminate\\Database\\Query\\Builder.php(1719): Illuminate\\Database\\Connection->select('select * from `...', Array, true)
#13 C:\\Users\\BLiyanage\\Documents\\xampp\\htdocs\\laravel-boilerplate\\vendor\\laravel\\framework\\src\\Illuminate\\Database\\Query\\Builder.php(1704): Illuminate\\Database\\Query\\Builder->runSelect()
#14 C:\\Users\\BLiyanage\\Documents\\xampp\\htdocs\\laravel-boilerplate\\vendor\\laravel\\framework\\src\\Illuminate\\Database\\Eloquent\\Builder.php(483): Illuminate\\Database\\Query\\Builder->get(Array)
#15 C:\\Users\\BLiyanage\\Documents\\xampp\\htdocs\\laravel-boilerplate\\vendor\\laravel\\framework\\src\\Illuminate\\Database\\Eloquent\\Builder.php(467): Illuminate\\Database\\Eloquent\\Builder->getModels(Array)
#16 C:\\Users\\BLiyanage\\Documents\\xampp\\htdocs\\laravel-boilerplate\\vendor\\laravel\\framework\\src\\Illuminate\\Database\\Concerns\\BuildsQueries.php(77): Illuminate\\Database\\Eloquent\\Builder->get(Array)
#17 C:\\Users\\BLiyanage\\Documents\\xampp\\htdocs\\laravel-boilerplate\\vendor\\laravel\\framework\\src\\Illuminate\\Auth\\EloquentUserProvider.php(121): Illuminate\\Database\\Eloquent\\Builder->first()
#18 C:\\Users\\BLiyanage\\Documents\\xampp\\htdocs\\laravel-boilerplate\\vendor\\laravel\\framework\\src\\Illuminate\\Auth\\SessionGuard.php(351): Illuminate\\Auth\\EloquentUserProvider->retrieveByCredentials(Array)
#19 C:\\Users\\BLiyanage\\Documents\\xampp\\htdocs\\laravel-boilerplate\\vendor\\laravel\\framework\\src\\Illuminate\\Foundation\\Auth\\AuthenticatesUsers.php(77): Illuminate\\Auth\\SessionGuard->attempt(Array, false)
#20 C:\\Users\\BLiyanage\\Documents\\xampp\\htdocs\\laravel-boilerplate\\vendor\\laravel\\framework\\src\\Illuminate\\Foundation\\Auth\\AuthenticatesUsers.php(42): App\\Http\\Controllers\\Auth\\LoginController->attemptLogin(Object(Illuminate\\Http\\Request))
#21 [internal function]: App\\Http\\Controllers\\Auth\\LoginController->login(Object(Illuminate\\Http\\Request))
#22 C:\\Users\\BLiyanage\\Documents\\xampp\\htdocs\\laravel-boilerplate\\vendor\\laravel\\framework\\src\\Illuminate\\Routing\\Controller.php(54): call_user_func_array(Array, Array)
#23 C:\\Users\\BLiyanage\\Documents\\xampp\\htdocs\\laravel-boilerplate\\vendor\\laravel\\framework\\src\\Illuminate\\Routing\\ControllerDispatcher.php(45): Illuminate\\Routing\\Controller->callAction('login', Array)
#24 C:\\Users\\BLiyanage\\Documents\\xampp\\htdocs\\laravel-boilerplate\\vendor\\laravel\\framework\\src\\Illuminate\\Routing\\Route.php(212): Illuminate\\Routing\\ControllerDispatcher->dispatch(Object(Illuminate\\Routing\\Route), Object(App\\Http\\Controllers\\Auth\\LoginController), 'login')
#25 C:\\Users\\BLiyanage\\Documents\\xampp\\htdocs\\laravel-boilerplate\\vendor\\laravel\\framework\\src\\Illuminate\\Routing\\Route.php(169): Illuminate\\Routing\\Route->runController()
#26 C:\\Users\\BLiyanage\\Documents\\xampp\\htdocs\\laravel-boilerplate\\vendor\\laravel\\framework\\src\\Illuminate\\Routing\\Router.php(658): Illuminate\\Routing\\Route->run()
#27 C:\\Users\\BLiyanage\\Documents\\xampp\\htdocs\\laravel-boilerplate\\vendor\\laravel\\framework\\src\\Illuminate\\Routing\\Pipeline.php(30): Illuminate\\Routing\\Router->Illuminate\\Routing\\{closure}(Object(Illuminate\\Http\\Request))
#28 C:\\Users\\BLiyanage\\Documents\\xampp\\htdocs\\laravel-boilerplate\\app\\Http\\Middleware\\RedirectIfAuthenticated.php(24): Illuminate\\Routing\\Pipeline->Illuminate\\Routing\\{closure}(Object(Illuminate\\Http\\Request))
#29 C:\\Users\\BLiyanage\\Documents\\xampp\\htdocs\\laravel-boilerplate\\vendor\\laravel\\framework\\src\\Illuminate\\Pipeline\\Pipeline.php(149): App\\Http\\Middleware\\RedirectIfAuthenticated->handle(Object(Illuminate\\Http\\Request), Object(Closure))
#30 C:\\Users\\BLiyanage\\Documents\\xampp\\htdocs\\laravel-boilerplate\\vendor\\laravel\\framework\\src\\Illuminate\\Routing\\Pipeline.php(53): Illuminate\\Pipeline\\Pipeline->Illuminate\\Pipeline\\{closure}(Object(Illuminate\\Http\\Request))
#31 C:\\Users\\BLiyanage\\Documents\\xampp\\htdocs\\laravel-boilerplate\\app\\Http\\Middleware\\DetectLocale.php(51): Illuminate\\Routing\\Pipeline->Illuminate\\Routing\\{closure}(Object(Illuminate\\Http\\Request))
#32 C:\\Users\\BLiyanage\\Documents\\xampp\\htdocs\\laravel-boilerplate\\vendor\\laravel\\framework\\src\\Illuminate\\Pipeline\\Pipeline.php(149): App\\Http\\Middleware\\DetectLocale->handle(Object(Illuminate\\Http\\Request), Object(Closure))
#33 C:\\Users\\BLiyanage\\Documents\\xampp\\htdocs\\laravel-boilerplate\\vendor\\laravel\\framework\\src\\Illuminate\\Routing\\Pipeline.php(53): Illuminate\\Pipeline\\Pipeline->Illuminate\\Pipeline\\{closure}(Object(Illuminate\\Http\\Request))
#34 C:\\Users\\BLiyanage\\Documents\\xampp\\htdocs\\laravel-boilerplate\\vendor\\laravel\\framework\\src\\Illuminate\\Routing\\Middleware\\SubstituteBindings.php(41): Illuminate\\Routing\\Pipeline->Illuminate\\Routing\\{closure}(Object(Illuminate\\Http\\Request))
#35 C:\\Users\\BLiyanage\\Documents\\xampp\\htdocs\\laravel-boilerplate\\vendor\\laravel\\framework\\src\\Illuminate\\Pipeline\\Pipeline.php(149): Illuminate\\Routing\\Middleware\\SubstituteBindings->handle(Object(Illuminate\\Http\\Request), Object(Closure))
#36 C:\\Users\\BLiyanage\\Documents\\xampp\\htdocs\\laravel-boilerplate\\vendor\\laravel\\framework\\src\\Illuminate\\Routing\\Pipeline.php(53): Illuminate\\Pipeline\\Pipeline->Illuminate\\Pipeline\\{closure}(Object(Illuminate\\Http\\Request))
#37 C:\\Users\\BLiyanage\\Documents\\xampp\\htdocs\\laravel-boilerplate\\vendor\\laravel\\framework\\src\\Illuminate\\Foundation\\Http\\Middleware\\VerifyCsrfToken.php(67): Illuminate\\Routing\\Pipeline->Illuminate\\Routing\\{closure}(Object(Illuminate\\Http\\Request))
#38 C:\\Users\\BLiyanage\\Documents\\xampp\\htdocs\\laravel-boilerplate\\vendor\\laravel\\framework\\src\\Illuminate\\Pipeline\\Pipeline.php(149): Illuminate\\Foundation\\Http\\Middleware\\VerifyCsrfToken->handle(Object(Illuminate\\Http\\Request), Object(Closure))
#39 C:\\Users\\BLiyanage\\Documents\\xampp\\htdocs\\laravel-boilerplate\\vendor\\laravel\\framework\\src\\Illuminate\\Routing\\Pipeline.php(53): Illuminate\\Pipeline\\Pipeline->Illuminate\\Pipeline\\{closure}(Object(Illuminate\\Http\\Request))
#40 C:\\Users\\BLiyanage\\Documents\\xampp\\htdocs\\laravel-boilerplate\\vendor\\laravel\\framework\\src\\Illuminate\\View\\Middleware\\ShareErrorsFromSession.php(49): Illuminate\\Routing\\Pipeline->Illuminate\\Routing\\{closure}(Object(Illuminate\\Http\\Request))
#41 C:\\Users\\BLiyanage\\Documents\\xampp\\htdocs\\laravel-boilerplate\\vendor\\laravel\\framework\\src\\Illuminate\\Pipeline\\Pipeline.php(149): Illuminate\\View\\Middleware\\ShareErrorsFromSession->handle(Object(Illuminate\\Http\\Request), Object(Closure))
#42 C:\\Users\\BLiyanage\\Documents\\xampp\\htdocs\\laravel-boilerplate\\vendor\\laravel\\framework\\src\\Illuminate\\Routing\\Pipeline.php(53): Illuminate\\Pipeline\\Pipeline->Illuminate\\Pipeline\\{closure}(Object(Illuminate\\Http\\Request))
#43 C:\\Users\\BLiyanage\\Documents\\xampp\\htdocs\\laravel-boilerplate\\vendor\\laravel\\framework\\src\\Illuminate\\Session\\Middleware\\StartSession.php(63): Illuminate\\Routing\\Pipeline->Illuminate\\Routing\\{closure}(Object(Illuminate\\Http\\Request))
#44 C:\\Users\\BLiyanage\\Documents\\xampp\\htdocs\\laravel-boilerplate\\vendor\\laravel\\framework\\src\\Illuminate\\Pipeline\\Pipeline.php(149): Illuminate\\Session\\Middleware\\StartSession->handle(Object(Illuminate\\Http\\Request), Object(Closure))
#45 C:\\Users\\BLiyanage\\Documents\\xampp\\htdocs\\laravel-boilerplate\\vendor\\laravel\\framework\\src\\Illuminate\\Routing\\Pipeline.php(53): Illuminate\\Pipeline\\Pipeline->Illuminate\\Pipeline\\{closure}(Object(Illuminate\\Http\\Request))
#46 C:\\Users\\BLiyanage\\Documents\\xampp\\htdocs\\laravel-boilerplate\\vendor\\laravel\\framework\\src\\Illuminate\\Cookie\\Middleware\\AddQueuedCookiesToResponse.php(37): Illuminate\\Routing\\Pipeline->Illuminate\\Routing\\{closure}(Object(Illuminate\\Http\\Request))
#47 C:\\Users\\BLiyanage\\Documents\\xampp\\htdocs\\laravel-boilerplate\\vendor\\laravel\\framework\\src\\Illuminate\\Pipeline\\Pipeline.php(149): Illuminate\\Cookie\\Middleware\\AddQueuedCookiesToResponse->handle(Object(Illuminate\\Http\\Request), Object(Closure))
#48 C:\\Users\\BLiyanage\\Documents\\xampp\\htdocs\\laravel-boilerplate\\vendor\\laravel\\framework\\src\\Illuminate\\Routing\\Pipeline.php(53): Illuminate\\Pipeline\\Pipeline->Illuminate\\Pipeline\\{closure}(Object(Illuminate\\Http\\Request))
#49 C:\\Users\\BLiyanage\\Documents\\xampp\\htdocs\\laravel-boilerplate\\vendor\\laravel\\framework\\src\\Illuminate\\Cookie\\Middleware\\EncryptCookies.php(59): Illuminate\\Routing\\Pipeline->Illuminate\\Routing\\{closure}(Object(Illuminate\\Http\\Request))
#50 C:\\Users\\BLiyanage\\Documents\\xampp\\htdocs\\laravel-boilerplate\\vendor\\laravel\\framework\\src\\Illuminate\\Pipeline\\Pipeline.php(149): Illuminate\\Cookie\\Middleware\\EncryptCookies->handle(Object(Illuminate\\Http\\Request), Object(Closure))
#51 C:\\Users\\BLiyanage\\Documents\\xampp\\htdocs\\laravel-boilerplate\\vendor\\laravel\\framework\\src\\Illuminate\\Routing\\Pipeline.php(53): Illuminate\\Pipeline\\Pipeline->Illuminate\\Pipeline\\{closure}(Object(Illuminate\\Http\\Request))
#52 C:\\Users\\BLiyanage\\Documents\\xampp\\htdocs\\laravel-boilerplate\\vendor\\laravel\\framework\\src\\Illuminate\\Pipeline\\Pipeline.php(102): Illuminate\\Routing\\Pipeline->Illuminate\\Routing\\{closure}(Object(Illuminate\\Http\\Request))
#53 C:\\Users\\BLiyanage\\Documents\\xampp\\htdocs\\laravel-boilerplate\\vendor\\laravel\\framework\\src\\Illuminate\\Routing\\Router.php(660): Illuminate\\Pipeline\\Pipeline->then(Object(Closure))
#54 C:\\Users\\BLiyanage\\Documents\\xampp\\htdocs\\laravel-boilerplate\\vendor\\laravel\\framework\\src\\Illuminate\\Routing\\Router.php(635): Illuminate\\Routing\\Router->runRouteWithinStack(Object(Illuminate\\Routing\\Route), Object(Illuminate\\Http\\Request))
#55 C:\\Users\\BLiyanage\\Documents\\xampp\\htdocs\\laravel-boilerplate\\vendor\\laravel\\framework\\src\\Illuminate\\Routing\\Router.php(601): Illuminate\\Routing\\Router->runRoute(Object(Illuminate\\Http\\Request), Object(Illuminate\\Routing\\Route))
#56 C:\\Users\\BLiyanage\\Documents\\xampp\\htdocs\\laravel-boilerplate\\vendor\\laravel\\framework\\src\\Illuminate\\Routing\\Router.php(590): Illuminate\\Routing\\Router->dispatchToRoute(Object(Illuminate\\Http\\Request))
#57 C:\\Users\\BLiyanage\\Documents\\xampp\\htdocs\\laravel-boilerplate\\vendor\\laravel\\framework\\src\\Illuminate\\Foundation\\Http\\Kernel.php(176): Illuminate\\Routing\\Router->dispatch(Object(Illuminate\\Http\\Request))
#58 C:\\Users\\BLiyanage\\Documents\\xampp\\htdocs\\laravel-boilerplate\\vendor\\laravel\\framework\\src\\Illuminate\\Routing\\Pipeline.php(30): Illuminate\\Foundation\\Http\\Kernel->Illuminate\\Foundation\\Http\\{closure}(Object(Illuminate\\Http\\Request))
#59 C:\\Users\\BLiyanage\\Documents\\xampp\\htdocs\\laravel-boilerplate\\vendor\\barryvdh\\laravel-debugbar\\src\\Middleware\\Debugbar.php(51): Illuminate\\Routing\\Pipeline->Illuminate\\Routing\\{closure}(Object(Illuminate\\Http\\Request))
#60 C:\\Users\\BLiyanage\\Documents\\xampp\\htdocs\\laravel-boilerplate\\vendor\\laravel\\framework\\src\\Illuminate\\Pipeline\\Pipeline.php(149): Barryvdh\\Debugbar\\Middleware\\Debugbar->handle(Object(Illuminate\\Http\\Request), Object(Closure))
#61 C:\\Users\\BLiyanage\\Documents\\xampp\\htdocs\\laravel-boilerplate\\vendor\\laravel\\framework\\src\\Illuminate\\Routing\\Pipeline.php(53): Illuminate\\Pipeline\\Pipeline->Illuminate\\Pipeline\\{closure}(Object(Illuminate\\Http\\Request))
#62 C:\\Users\\BLiyanage\\Documents\\xampp\\htdocs\\laravel-boilerplate\\vendor\\laravel\\framework\\src\\Illuminate\\Foundation\\Http\\Middleware\\TransformsRequest.php(30): Illuminate\\Routing\\Pipeline->Illuminate\\Routing\\{closure}(Object(Illuminate\\Http\\Request))
#63 C:\\Users\\BLiyanage\\Documents\\xampp\\htdocs\\laravel-boilerplate\\vendor\\laravel\\framework\\src\\Illuminate\\Pipeline\\Pipeline.php(149): Illuminate\\Foundation\\Http\\Middleware\\TransformsRequest->handle(Object(Illuminate\\Http\\Request), Object(Closure))
#64 C:\\Users\\BLiyanage\\Documents\\xampp\\htdocs\\laravel-boilerplate\\vendor\\laravel\\framework\\src\\Illuminate\\Routing\\Pipeline.php(53): Illuminate\\Pipeline\\Pipeline->Illuminate\\Pipeline\\{closure}(Object(Illuminate\\Http\\Request))
#65 C:\\Users\\BLiyanage\\Documents\\xampp\\htdocs\\laravel-boilerplate\\vendor\\laravel\\framework\\src\\Illuminate\\Foundation\\Http\\Middleware\\TransformsRequest.php(30): Illuminate\\Routing\\Pipeline->Illuminate\\Routing\\{closure}(Object(Illuminate\\Http\\Request))
#66 C:\\Users\\BLiyanage\\Documents\\xampp\\htdocs\\laravel-boilerplate\\vendor\\laravel\\framework\\src\\Illuminate\\Pipeline\\Pipeline.php(149): Illuminate\\Foundation\\Http\\Middleware\\TransformsRequest->handle(Object(Illuminate\\Http\\Request), Object(Closure))
#67 C:\\Users\\BLiyanage\\Documents\\xampp\\htdocs\\laravel-boilerplate\\vendor\\laravel\\framework\\src\\Illuminate\\Routing\\Pipeline.php(53): Illuminate\\Pipeline\\Pipeline->Illuminate\\Pipeline\\{closure}(Object(Illuminate\\Http\\Request))
#68 C:\\Users\\BLiyanage\\Documents\\xampp\\htdocs\\laravel-boilerplate\\vendor\\laravel\\framework\\src\\Illuminate\\Foundation\\Http\\Middleware\\ValidatePostSize.php(27): Illuminate\\Routing\\Pipeline->Illuminate\\Routing\\{closure}(Object(Illuminate\\Http\\Request))
#69 C:\\Users\\BLiyanage\\Documents\\xampp\\htdocs\\laravel-boilerplate\\vendor\\laravel\\framework\\src\\Illuminate\\Pipeline\\Pipeline.php(149): Illuminate\\Foundation\\Http\\Middleware\\ValidatePostSize->handle(Object(Illuminate\\Http\\Request), Object(Closure))
#70 C:\\Users\\BLiyanage\\Documents\\xampp\\htdocs\\laravel-boilerplate\\vendor\\laravel\\framework\\src\\Illuminate\\Routing\\Pipeline.php(53): Illuminate\\Pipeline\\Pipeline->Illuminate\\Pipeline\\{closure}(Object(Illuminate\\Http\\Request))
#71 C:\\Users\\BLiyanage\\Documents\\xampp\\htdocs\\laravel-boilerplate\\vendor\\laravel\\framework\\src\\Illuminate\\Foundation\\Http\\Middleware\\CheckForMaintenanceMode.php(46): Illuminate\\Routing\\Pipeline->Illuminate\\Routing\\{closure}(Object(Illuminate\\Http\\Request))
#72 C:\\Users\\BLiyanage\\Documents\\xampp\\htdocs\\laravel-boilerplate\\vendor\\laravel\\framework\\src\\Illuminate\\Pipeline\\Pipeline.php(149): Illuminate\\Foundation\\Http\\Middleware\\CheckForMaintenanceMode->handle(Object(Illuminate\\Http\\Request), Object(Closure))
#73 C:\\Users\\BLiyanage\\Documents\\xampp\\htdocs\\laravel-boilerplate\\vendor\\laravel\\framework\\src\\Illuminate\\Routing\\Pipeline.php(53): Illuminate\\Pipeline\\Pipeline->Illuminate\\Pipeline\\{closure}(Object(Illuminate\\Http\\Request))
#74 C:\\Users\\BLiyanage\\Documents\\xampp\\htdocs\\laravel-boilerplate\\vendor\\laravel\\framework\\src\\Illuminate\\Pipeline\\Pipeline.php(102): Illuminate\\Routing\\Pipeline->Illuminate\\Routing\\{closure}(Object(Illuminate\\Http\\Request))
#75 C:\\Users\\BLiyanage\\Documents\\xampp\\htdocs\\laravel-boilerplate\\vendor\\laravel\\framework\\src\\Illuminate\\Foundation\\Http\\Kernel.php(151): Illuminate\\Pipeline\\Pipeline->then(Object(Closure))
#76 C:\\Users\\BLiyanage\\Documents\\xampp\\htdocs\\laravel-boilerplate\\vendor\\laravel\\framework\\src\\Illuminate\\Foundation\\Http\\Kernel.php(116): Illuminate\\Foundation\\Http\\Kernel->sendRequestThroughRouter(Object(Illuminate\\Http\\Request))
#77 C:\\Users\\BLiyanage\\Documents\\xampp\\htdocs\\laravel-boilerplate\\public\\index.php(53): Illuminate\\Foundation\\Http\\Kernel->handle(Object(Illuminate\\Http\\Request))
#78 C:\\Users\\BLiyanage\\Documents\\xampp\\htdocs\\laravel-boilerplate\\server.php(21): require_once('C:\\\\Users\\\\BLiyan...')
#79 {main}
"} 
[2018-08-10 14:25:45] local.ERROR: SQLSTATE[HY000] [2002] No connection could be made because the target machine actively refused it.
 (SQL: select * from `users` where `email` = admin@admin.com and `users`.`deleted_at` is null limit 1) {"exception":"[object] (Illuminate\\Database\\QueryException(code: 2002): SQLSTATE[HY000] [2002] No connection could be made because the target machine actively refused it.
 (SQL: select * from `users` where `email` = admin@admin.com and `users`.`deleted_at` is null limit 1) at C:\\Users\\BLiyanage\\Documents\\xampp\\htdocs\\laravel-boilerplate\\vendor\\laravel\\framework\\src\\Illuminate\\Database\\Connection.php:664, Doctrine\\DBAL\\Driver\\PDOException(code: 2002): SQLSTATE[HY000] [2002] No connection could be made because the target machine actively refused it.
 at C:\\Users\\BLiyanage\\Documents\\xampp\\htdocs\\laravel-boilerplate\\vendor\\doctrine\\dbal\\lib\\Doctrine\\DBAL\\Driver\\PDOConnection.php:50, PDOException(code: 2002): SQLSTATE[HY000] [2002] No connection could be made because the target machine actively refused it.
 at C:\\Users\\BLiyanage\\Documents\\xampp\\htdocs\\laravel-boilerplate\\vendor\\doctrine\\dbal\\lib\\Doctrine\\DBAL\\Driver\\PDOConnection.php:46)
[stacktrace]
#0 C:\\Users\\BLiyanage\\Documents\\xampp\\htdocs\\laravel-boilerplate\\vendor\\laravel\\framework\\src\\Illuminate\\Database\\Connection.php(624): Illuminate\\Database\\Connection->runQueryCallback('select * from `...', Array, Object(Closure))
#1 C:\\Users\\BLiyanage\\Documents\\xampp\\htdocs\\laravel-boilerplate\\vendor\\laravel\\framework\\src\\Illuminate\\Database\\Connection.php(333): Illuminate\\Database\\Connection->run('select * from `...', Array, Object(Closure))
#2 C:\\Users\\BLiyanage\\Documents\\xampp\\htdocs\\laravel-boilerplate\\vendor\\laravel\\framework\\src\\Illuminate\\Database\\Query\\Builder.php(1719): Illuminate\\Database\\Connection->select('select * from `...', Array, true)
#3 C:\\Users\\BLiyanage\\Documents\\xampp\\htdocs\\laravel-boilerplate\\vendor\\laravel\\framework\\src\\Illuminate\\Database\\Query\\Builder.php(1704): Illuminate\\Database\\Query\\Builder->runSelect()
#4 C:\\Users\\BLiyanage\\Documents\\xampp\\htdocs\\laravel-boilerplate\\vendor\\laravel\\framework\\src\\Illuminate\\Database\\Eloquent\\Builder.php(483): Illuminate\\Database\\Query\\Builder->get(Array)
#5 C:\\Users\\BLiyanage\\Documents\\xampp\\htdocs\\laravel-boilerplate\\vendor\\laravel\\framework\\src\\Illuminate\\Database\\Eloquent\\Builder.php(467): Illuminate\\Database\\Eloquent\\Builder->getModels(Array)
#6 C:\\Users\\BLiyanage\\Documents\\xampp\\htdocs\\laravel-boilerplate\\vendor\\laravel\\framework\\src\\Illuminate\\Database\\Concerns\\BuildsQueries.php(77): Illuminate\\Database\\Eloquent\\Builder->get(Array)
#7 C:\\Users\\BLiyanage\\Documents\\xampp\\htdocs\\laravel-boilerplate\\vendor\\laravel\\framework\\src\\Illuminate\\Auth\\EloquentUserProvider.php(121): Illuminate\\Database\\Eloquent\\Builder->first()
#8 C:\\Users\\BLiyanage\\Documents\\xampp\\htdocs\\laravel-boilerplate\\vendor\\laravel\\framework\\src\\Illuminate\\Auth\\SessionGuard.php(351): Illuminate\\Auth\\EloquentUserProvider->retrieveByCredentials(Array)
#9 C:\\Users\\BLiyanage\\Documents\\xampp\\htdocs\\laravel-boilerplate\\vendor\\laravel\\framework\\src\\Illuminate\\Foundation\\Auth\\AuthenticatesUsers.php(77): Illuminate\\Auth\\SessionGuard->attempt(Array, false)
#10 C:\\Users\\BLiyanage\\Documents\\xampp\\htdocs\\laravel-boilerplate\\vendor\\laravel\\framework\\src\\Illuminate\\Foundation\\Auth\\AuthenticatesUsers.php(42): App\\Http\\Controllers\\Auth\\LoginController->attemptLogin(Object(Illuminate\\Http\\Request))
#11 [internal function]: App\\Http\\Controllers\\Auth\\LoginController->login(Object(Illuminate\\Http\\Request))
#12 C:\\Users\\BLiyanage\\Documents\\xampp\\htdocs\\laravel-boilerplate\\vendor\\laravel\\framework\\src\\Illuminate\\Routing\\Controller.php(54): call_user_func_array(Array, Array)
#13 C:\\Users\\BLiyanage\\Documents\\xampp\\htdocs\\laravel-boilerplate\\vendor\\laravel\\framework\\src\\Illuminate\\Routing\\ControllerDispatcher.php(45): Illuminate\\Routing\\Controller->callAction('login', Array)
#14 C:\\Users\\BLiyanage\\Documents\\xampp\\htdocs\\laravel-boilerplate\\vendor\\laravel\\framework\\src\\Illuminate\\Routing\\Route.php(212): Illuminate\\Routing\\ControllerDispatcher->dispatch(Object(Illuminate\\Routing\\Route), Object(App\\Http\\Controllers\\Auth\\LoginController), 'login')
#15 C:\\Users\\BLiyanage\\Documents\\xampp\\htdocs\\laravel-boilerplate\\vendor\\laravel\\framework\\src\\Illuminate\\Routing\\Route.php(169): Illuminate\\Routing\\Route->runController()
#16 C:\\Users\\BLiyanage\\Documents\\xampp\\htdocs\\laravel-boilerplate\\vendor\\laravel\\framework\\src\\Illuminate\\Routing\\Router.php(658): Illuminate\\Routing\\Route->run()
#17 C:\\Users\\BLiyanage\\Documents\\xampp\\htdocs\\laravel-boilerplate\\vendor\\laravel\\framework\\src\\Illuminate\\Routing\\Pipeline.php(30): Illuminate\\Routing\\Router->Illuminate\\Routing\\{closure}(Object(Illuminate\\Http\\Request))
#18 C:\\Users\\BLiyanage\\Documents\\xampp\\htdocs\\laravel-boilerplate\\app\\Http\\Middleware\\RedirectIfAuthenticated.php(24): Illuminate\\Routing\\Pipeline->Illuminate\\Routing\\{closure}(Object(Illuminate\\Http\\Request))
#19 C:\\Users\\BLiyanage\\Documents\\xampp\\htdocs\\laravel-boilerplate\\vendor\\laravel\\framework\\src\\Illuminate\\Pipeline\\Pipeline.php(149): App\\Http\\Middleware\\RedirectIfAuthenticated->handle(Object(Illuminate\\Http\\Request), Object(Closure))
#20 C:\\Users\\BLiyanage\\Documents\\xampp\\htdocs\\laravel-boilerplate\\vendor\\laravel\\framework\\src\\Illuminate\\Routing\\Pipeline.php(53): Illuminate\\Pipeline\\Pipeline->Illuminate\\Pipeline\\{closure}(Object(Illuminate\\Http\\Request))
#21 C:\\Users\\BLiyanage\\Documents\\xampp\\htdocs\\laravel-boilerplate\\app\\Http\\Middleware\\DetectLocale.php(51): Illuminate\\Routing\\Pipeline->Illuminate\\Routing\\{closure}(Object(Illuminate\\Http\\Request))
#22 C:\\Users\\BLiyanage\\Documents\\xampp\\htdocs\\laravel-boilerplate\\vendor\\laravel\\framework\\src\\Illuminate\\Pipeline\\Pipeline.php(149): App\\Http\\Middleware\\DetectLocale->handle(Object(Illuminate\\Http\\Request), Object(Closure))
#23 C:\\Users\\BLiyanage\\Documents\\xampp\\htdocs\\laravel-boilerplate\\vendor\\laravel\\framework\\src\\Illuminate\\Routing\\Pipeline.php(53): Illuminate\\Pipeline\\Pipeline->Illuminate\\Pipeline\\{closure}(Object(Illuminate\\Http\\Request))
#24 C:\\Users\\BLiyanage\\Documents\\xampp\\htdocs\\laravel-boilerplate\\vendor\\laravel\\framework\\src\\Illuminate\\Routing\\Middleware\\SubstituteBindings.php(41): Illuminate\\Routing\\Pipeline->Illuminate\\Routing\\{closure}(Object(Illuminate\\Http\\Request))
#25 C:\\Users\\BLiyanage\\Documents\\xampp\\htdocs\\laravel-boilerplate\\vendor\\laravel\\framework\\src\\Illuminate\\Pipeline\\Pipeline.php(149): Illuminate\\Routing\\Middleware\\SubstituteBindings->handle(Object(Illuminate\\Http\\Request), Object(Closure))
#26 C:\\Users\\BLiyanage\\Documents\\xampp\\htdocs\\laravel-boilerplate\\vendor\\laravel\\framework\\src\\Illuminate\\Routing\\Pipeline.php(53): Illuminate\\Pipeline\\Pipeline->Illuminate\\Pipeline\\{closure}(Object(Illuminate\\Http\\Request))
#27 C:\\Users\\BLiyanage\\Documents\\xampp\\htdocs\\laravel-boilerplate\\vendor\\laravel\\framework\\src\\Illuminate\\Foundation\\Http\\Middleware\\VerifyCsrfToken.php(67): Illuminate\\Routing\\Pipeline->Illuminate\\Routing\\{closure}(Object(Illuminate\\Http\\Request))
#28 C:\\Users\\BLiyanage\\Documents\\xampp\\htdocs\\laravel-boilerplate\\vendor\\laravel\\framework\\src\\Illuminate\\Pipeline\\Pipeline.php(149): Illuminate\\Foundation\\Http\\Middleware\\VerifyCsrfToken->handle(Object(Illuminate\\Http\\Request), Object(Closure))
#29 C:\\Users\\BLiyanage\\Documents\\xampp\\htdocs\\laravel-boilerplate\\vendor\\laravel\\framework\\src\\Illuminate\\Routing\\Pipeline.php(53): Illuminate\\Pipeline\\Pipeline->Illuminate\\Pipeline\\{closure}(Object(Illuminate\\Http\\Request))
#30 C:\\Users\\BLiyanage\\Documents\\xampp\\htdocs\\laravel-boilerplate\\vendor\\laravel\\framework\\src\\Illuminate\\View\\Middleware\\ShareErrorsFromSession.php(49): Illuminate\\Routing\\Pipeline->Illuminate\\Routing\\{closure}(Object(Illuminate\\Http\\Request))
#31 C:\\Users\\BLiyanage\\Documents\\xampp\\htdocs\\laravel-boilerplate\\vendor\\laravel\\framework\\src\\Illuminate\\Pipeline\\Pipeline.php(149): Illuminate\\View\\Middleware\\ShareErrorsFromSession->handle(Object(Illuminate\\Http\\Request), Object(Closure))
#32 C:\\Users\\BLiyanage\\Documents\\xampp\\htdocs\\laravel-boilerplate\\vendor\\laravel\\framework\\src\\Illuminate\\Routing\\Pipeline.php(53): Illuminate\\Pipeline\\Pipeline->Illuminate\\Pipeline\\{closure}(Object(Illuminate\\Http\\Request))
#33 C:\\Users\\BLiyanage\\Documents\\xampp\\htdocs\\laravel-boilerplate\\vendor\\laravel\\framework\\src\\Illuminate\\Session\\Middleware\\StartSession.php(63): Illuminate\\Routing\\Pipeline->Illuminate\\Routing\\{closure}(Object(Illuminate\\Http\\Request))
#34 C:\\Users\\BLiyanage\\Documents\\xampp\\htdocs\\laravel-boilerplate\\vendor\\laravel\\framework\\src\\Illuminate\\Pipeline\\Pipeline.php(149): Illuminate\\Session\\Middleware\\StartSession->handle(Object(Illuminate\\Http\\Request), Object(Closure))
#35 C:\\Users\\BLiyanage\\Documents\\xampp\\htdocs\\laravel-boilerplate\\vendor\\laravel\\framework\\src\\Illuminate\\Routing\\Pipeline.php(53): Illuminate\\Pipeline\\Pipeline->Illuminate\\Pipeline\\{closure}(Object(Illuminate\\Http\\Request))
#36 C:\\Users\\BLiyanage\\Documents\\xampp\\htdocs\\laravel-boilerplate\\vendor\\laravel\\framework\\src\\Illuminate\\Cookie\\Middleware\\AddQueuedCookiesToResponse.php(37): Illuminate\\Routing\\Pipeline->Illuminate\\Routing\\{closure}(Object(Illuminate\\Http\\Request))
#37 C:\\Users\\BLiyanage\\Documents\\xampp\\htdocs\\laravel-boilerplate\\vendor\\laravel\\framework\\src\\Illuminate\\Pipeline\\Pipeline.php(149): Illuminate\\Cookie\\Middleware\\AddQueuedCookiesToResponse->handle(Object(Illuminate\\Http\\Request), Object(Closure))
#38 C:\\Users\\BLiyanage\\Documents\\xampp\\htdocs\\laravel-boilerplate\\vendor\\laravel\\framework\\src\\Illuminate\\Routing\\Pipeline.php(53): Illuminate\\Pipeline\\Pipeline->Illuminate\\Pipeline\\{closure}(Object(Illuminate\\Http\\Request))
#39 C:\\Users\\BLiyanage\\Documents\\xampp\\htdocs\\laravel-boilerplate\\vendor\\laravel\\framework\\src\\Illuminate\\Cookie\\Middleware\\EncryptCookies.php(59): Illuminate\\Routing\\Pipeline->Illuminate\\Routing\\{closure}(Object(Illuminate\\Http\\Request))
#40 C:\\Users\\BLiyanage\\Documents\\xampp\\htdocs\\laravel-boilerplate\\vendor\\laravel\\framework\\src\\Illuminate\\Pipeline\\Pipeline.php(149): Illuminate\\Cookie\\Middleware\\EncryptCookies->handle(Object(Illuminate\\Http\\Request), Object(Closure))
#41 C:\\Users\\BLiyanage\\Documents\\xampp\\htdocs\\laravel-boilerplate\\vendor\\laravel\\framework\\src\\Illuminate\\Routing\\Pipeline.php(53): Illuminate\\Pipeline\\Pipeline->Illuminate\\Pipeline\\{closure}(Object(Illuminate\\Http\\Request))
#42 C:\\Users\\BLiyanage\\Documents\\xampp\\htdocs\\laravel-boilerplate\\vendor\\laravel\\framework\\src\\Illuminate\\Pipeline\\Pipeline.php(102): Illuminate\\Routing\\Pipeline->Illuminate\\Routing\\{closure}(Object(Illuminate\\Http\\Request))
#43 C:\\Users\\BLiyanage\\Documents\\xampp\\htdocs\\laravel-boilerplate\\vendor\\laravel\\framework\\src\\Illuminate\\Routing\\Router.php(660): Illuminate\\Pipeline\\Pipeline->then(Object(Closure))
#44 C:\\Users\\BLiyanage\\Documents\\xampp\\htdocs\\laravel-boilerplate\\vendor\\laravel\\framework\\src\\Illuminate\\Routing\\Router.php(635): Illuminate\\Routing\\Router->runRouteWithinStack(Object(Illuminate\\Routing\\Route), Object(Illuminate\\Http\\Request))
#45 C:\\Users\\BLiyanage\\Documents\\xampp\\htdocs\\laravel-boilerplate\\vendor\\laravel\\framework\\src\\Illuminate\\Routing\\Router.php(601): Illuminate\\Routing\\Router->runRoute(Object(Illuminate\\Http\\Request), Object(Illuminate\\Routing\\Route))
#46 C:\\Users\\BLiyanage\\Documents\\xampp\\htdocs\\laravel-boilerplate\\vendor\\laravel\\framework\\src\\Illuminate\\Routing\\Router.php(590): Illuminate\\Routing\\Router->dispatchToRoute(Object(Illuminate\\Http\\Request))
#47 C:\\Users\\BLiyanage\\Documents\\xampp\\htdocs\\laravel-boilerplate\\vendor\\laravel\\framework\\src\\Illuminate\\Foundation\\Http\\Kernel.php(176): Illuminate\\Routing\\Router->dispatch(Object(Illuminate\\Http\\Request))
#48 C:\\Users\\BLiyanage\\Documents\\xampp\\htdocs\\laravel-boilerplate\\vendor\\laravel\\framework\\src\\Illuminate\\Routing\\Pipeline.php(30): Illuminate\\Foundation\\Http\\Kernel->Illuminate\\Foundation\\Http\\{closure}(Object(Illuminate\\Http\\Request))
#49 C:\\Users\\BLiyanage\\Documents\\xampp\\htdocs\\laravel-boilerplate\\vendor\\barryvdh\\laravel-debugbar\\src\\Middleware\\Debugbar.php(51): Illuminate\\Routing\\Pipeline->Illuminate\\Routing\\{closure}(Object(Illuminate\\Http\\Request))
#50 C:\\Users\\BLiyanage\\Documents\\xampp\\htdocs\\laravel-boilerplate\\vendor\\laravel\\framework\\src\\Illuminate\\Pipeline\\Pipeline.php(149): Barryvdh\\Debugbar\\Middleware\\Debugbar->handle(Object(Illuminate\\Http\\Request), Object(Closure))
#51 C:\\Users\\BLiyanage\\Documents\\xampp\\htdocs\\laravel-boilerplate\\vendor\\laravel\\framework\\src\\Illuminate\\Routing\\Pipeline.php(53): Illuminate\\Pipeline\\Pipeline->Illuminate\\Pipeline\\{closure}(Object(Illuminate\\Http\\Request))
#52 C:\\Users\\BLiyanage\\Documents\\xampp\\htdocs\\laravel-boilerplate\\vendor\\laravel\\framework\\src\\Illuminate\\Foundation\\Http\\Middleware\\TransformsRequest.php(30): Illuminate\\Routing\\Pipeline->Illuminate\\Routing\\{closure}(Object(Illuminate\\Http\\Request))
#53 C:\\Users\\BLiyanage\\Documents\\xampp\\htdocs\\laravel-boilerplate\\vendor\\laravel\\framework\\src\\Illuminate\\Pipeline\\Pipeline.php(149): Illuminate\\Foundation\\Http\\Middleware\\TransformsRequest->handle(Object(Illuminate\\Http\\Request), Object(Closure))
#54 C:\\Users\\BLiyanage\\Documents\\xampp\\htdocs\\laravel-boilerplate\\vendor\\laravel\\framework\\src\\Illuminate\\Routing\\Pipeline.php(53): Illuminate\\Pipeline\\Pipeline->Illuminate\\Pipeline\\{closure}(Object(Illuminate\\Http\\Request))
#55 C:\\Users\\BLiyanage\\Documents\\xampp\\htdocs\\laravel-boilerplate\\vendor\\laravel\\framework\\src\\Illuminate\\Foundation\\Http\\Middleware\\TransformsRequest.php(30): Illuminate\\Routing\\Pipeline->Illuminate\\Routing\\{closure}(Object(Illuminate\\Http\\Request))
#56 C:\\Users\\BLiyanage\\Documents\\xampp\\htdocs\\laravel-boilerplate\\vendor\\laravel\\framework\\src\\Illuminate\\Pipeline\\Pipeline.php(149): Illuminate\\Foundation\\Http\\Middleware\\TransformsRequest->handle(Object(Illuminate\\Http\\Request), Object(Closure))
#57 C:\\Users\\BLiyanage\\Documents\\xampp\\htdocs\\laravel-boilerplate\\vendor\\laravel\\framework\\src\\Illuminate\\Routing\\Pipeline.php(53): Illuminate\\Pipeline\\Pipeline->Illuminate\\Pipeline\\{closure}(Object(Illuminate\\Http\\Request))
#58 C:\\Users\\BLiyanage\\Documents\\xampp\\htdocs\\laravel-boilerplate\\vendor\\laravel\\framework\\src\\Illuminate\\Foundation\\Http\\Middleware\\ValidatePostSize.php(27): Illuminate\\Routing\\Pipeline->Illuminate\\Routing\\{closure}(Object(Illuminate\\Http\\Request))
#59 C:\\Users\\BLiyanage\\Documents\\xampp\\htdocs\\laravel-boilerplate\\vendor\\laravel\\framework\\src\\Illuminate\\Pipeline\\Pipeline.php(149): Illuminate\\Foundation\\Http\\Middleware\\ValidatePostSize->handle(Object(Illuminate\\Http\\Request), Object(Closure))
#60 C:\\Users\\BLiyanage\\Documents\\xampp\\htdocs\\laravel-boilerplate\\vendor\\laravel\\framework\\src\\Illuminate\\Routing\\Pipeline.php(53): Illuminate\\Pipeline\\Pipeline->Illuminate\\Pipeline\\{closure}(Object(Illuminate\\Http\\Request))
#61 C:\\Users\\BLiyanage\\Documents\\xampp\\htdocs\\laravel-boilerplate\\vendor\\laravel\\framework\\src\\Illuminate\\Foundation\\Http\\Middleware\\CheckForMaintenanceMode.php(46): Illuminate\\Routing\\Pipeline->Illuminate\\Routing\\{closure}(Object(Illuminate\\Http\\Request))
#62 C:\\Users\\BLiyanage\\Documents\\xampp\\htdocs\\laravel-boilerplate\\vendor\\laravel\\framework\\src\\Illuminate\\Pipeline\\Pipeline.php(149): Illuminate\\Foundation\\Http\\Middleware\\CheckForMaintenanceMode->handle(Object(Illuminate\\Http\\Request), Object(Closure))
#63 C:\\Users\\BLiyanage\\Documents\\xampp\\htdocs\\laravel-boilerplate\\vendor\\laravel\\framework\\src\\Illuminate\\Routing\\Pipeline.php(53): Illuminate\\Pipeline\\Pipeline->Illuminate\\Pipeline\\{closure}(Object(Illuminate\\Http\\Request))
#64 C:\\Users\\BLiyanage\\Documents\\xampp\\htdocs\\laravel-boilerplate\\vendor\\laravel\\framework\\src\\Illuminate\\Pipeline\\Pipeline.php(102): Illuminate\\Routing\\Pipeline->Illuminate\\Routing\\{closure}(Object(Illuminate\\Http\\Request))
#65 C:\\Users\\BLiyanage\\Documents\\xampp\\htdocs\\laravel-boilerplate\\vendor\\laravel\\framework\\src\\Illuminate\\Foundation\\Http\\Kernel.php(151): Illuminate\\Pipeline\\Pipeline->then(Object(Closure))
#66 C:\\Users\\BLiyanage\\Documents\\xampp\\htdocs\\laravel-boilerplate\\vendor\\laravel\\framework\\src\\Illuminate\\Foundation\\Http\\Kernel.php(116): Illuminate\\Foundation\\Http\\Kernel->sendRequestThroughRouter(Object(Illuminate\\Http\\Request))
#67 C:\\Users\\BLiyanage\\Documents\\xampp\\htdocs\\laravel-boilerplate\\public\\index.php(53): Illuminate\\Foundation\\Http\\Kernel->handle(Object(Illuminate\\Http\\Request))
#68 C:\\Users\\BLiyanage\\Documents\\xampp\\htdocs\\laravel-boilerplate\\server.php(21): require_once('C:\\\\Users\\\\BLiyan...')
#69 {main}
"} 
